0 info it worked if it ends with ok
1 verbose cli [ '/usr/local/bin/node', '/usr/local/bin/npm', 'run', 'test' ]
2 info using npm@4.1.2
3 info using node@v7.6.0
4 verbose run-script [ 'pretest', 'test', 'posttest' ]
5 info lifecycle pluralize@5.0.0~pretest: pluralize@5.0.0
6 silly lifecycle pluralize@5.0.0~pretest: no script for pretest, continuing
7 info lifecycle pluralize@5.0.0~test: pluralize@5.0.0
8 verbose lifecycle pluralize@5.0.0~test: unsafe-perm in lifecycle true
9 verbose lifecycle pluralize@5.0.0~test: PATH: /usr/local/lib/node_modules/npm/bin/node-gyp-bin:/Users/pete/development/node/pluralize/node_modules/.bin:/Users/pete/.rvm/gems/ruby-2.4.0/bin:/Users/pete/.rvm/gems/ruby-2.4.0@global/bin:/Users/pete/.rvm/rubies/ruby-2.4.0/bin:/usr/local/bin:/usr/bin:/bin:/usr/sbin:/sbin:/opt/X11/bin:/Users/pete/.rvm/bin
10 verbose lifecycle pluralize@5.0.0~test: CWD: /Users/pete/development/node/pluralize
11 silly lifecycle pluralize@5.0.0~test: Args: [ '-c', 'npm run lint && npm run test-cov' ]
12 silly lifecycle pluralize@5.0.0~test: Returned: code: 1  signal: null
13 info lifecycle pluralize@5.0.0~test: Failed to exec test script
14 verbose stack Error: pluralize@5.0.0 test: `npm run lint && npm run test-cov`
14 verbose stack Exit status 1
14 verbose stack     at EventEmitter.<anonymous> (/usr/local/lib/node_modules/npm/lib/utils/lifecycle.js:279:16)
14 verbose stack     at emitTwo (events.js:106:13)
14 verbose stack     at EventEmitter.emit (events.js:192:7)
14 verbose stack     at ChildProcess.<anonymous> (/usr/local/lib/node_modules/npm/lib/utils/spawn.js:40:14)
14 verbose stack     at emitTwo (events.js:106:13)
14 verbose stack     at ChildProcess.emit (events.js:192:7)
14 verbose stack     at maybeClose (internal/child_process.js:890:16)
14 verbose stack     at Process.ChildProcess._handle.onexit (internal/child_process.js:226:5)
15 verbose pkgid pluralize@5.0.0
16 verbose cwd /Users/pete/development/node/pluralize
17 error Darwin 16.6.0
18 error argv "/usr/local/bin/node" "/usr/local/bin/npm" "run" "test"
19 error node v7.6.0
20 error npm  v4.1.2
21 error code ELIFECYCLE
22 error pluralize@5.0.0 test: `npm run lint && npm run test-cov`
22 error Exit status 1
23 error Failed at the pluralize@5.0.0 test script 'npm run lint && npm run test-cov'.
23 error Make sure you have the latest version of node.js and npm installed.
23 error If you do, this is most likely a problem with the pluralize package,
23 error not with npm itself.
23 error Tell the author that this fails on your system:
23 error     npm run lint && npm run test-cov
23 error You can get information on how to open an issue for this project with:
23 error     npm bugs pluralize
23 error Or if that isn't available, you can get their info via:
23 error     npm owner ls pluralize
23 error There is likely additional logging output above.
24 verbose exit [ 1, true ]
